<?xml version="1.0" encoding="UTF-8"?>
<testng-results ignored="0" total="1" passed="1" failed="0" skipped="0">
  <reporter-output>
  </reporter-output>
  <suite started-at="2019-11-25T06:51:05Z" name="Default suite" finished-at="2019-11-25T06:51:33Z" duration-ms="28396">
    <groups>
    </groups>
    <test started-at="2019-11-25T06:51:05Z" name="Default test" finished-at="2019-11-25T06:51:33Z" duration-ms="28396">
      <class name="com.atmecs.testscripts.TestPhpTravels">
        <test-method is-config="true" signature="initializeBrowser()[pri:0, instance:com.atmecs.testscripts.TestPhpTravels@2421cc4]" started-at="2019-11-25T06:51:05Z" name="initializeBrowser" finished-at="2019-11-25T06:51:11Z" duration-ms="6575" status="PASS">
          <reporter-output>
          </reporter-output>
        </test-method> <!-- initializeBrowser -->
        <test-method is-config="true" signature="launchingUrl()[pri:0, instance:com.atmecs.testscripts.TestPhpTravels@2421cc4]" started-at="2019-11-25T06:51:11Z" name="launchingUrl" finished-at="2019-11-25T06:51:20Z" duration-ms="8990" status="PASS">
          <reporter-output>
          </reporter-output>
        </test-method> <!-- launchingUrl -->
        <test-method signature="loginHomePage()[pri:0, instance:com.atmecs.testscripts.TestPhpTravels@2421cc4]" started-at="2019-11-25T06:51:20Z" name="loginHomePage" finished-at="2019-11-25T06:51:32Z" duration-ms="11786" status="PASS">
          <reporter-output>
          </reporter-output>
        </test-method> <!-- loginHomePage -->
        <test-method is-config="true" signature="closeBrowser()[pri:0, instance:com.atmecs.testscripts.TestPhpTravels@2421cc4]" started-at="2019-11-25T06:51:32Z" name="closeBrowser" finished-at="2019-11-25T06:51:33Z" duration-ms="1004" status="PASS">
          <reporter-output>
          </reporter-output>
        </test-method> <!-- closeBrowser -->
      </class> <!-- com.atmecs.testscripts.TestPhpTravels -->
    </test> <!-- Default test -->
  </suite> <!-- Default suite -->
</testng-results>
