<?xml version="1.0" encoding="UTF-8"?>
<testng-results ignored="0" total="1" passed="1" failed="0" skipped="0">
  <reporter-output>
  </reporter-output>
  <suite started-at="2019-11-22T13:12:02Z" name="Default suite" finished-at="2019-11-22T13:12:27Z" duration-ms="25333">
    <groups>
    </groups>
    <test started-at="2019-11-22T13:12:02Z" name="Default test" finished-at="2019-11-22T13:12:27Z" duration-ms="25333">
      <class name="com.atmecs.testscripts.TestPhpTravels">
        <test-method is-config="true" signature="initializeBrowser()[pri:0, instance:com.atmecs.testscripts.TestPhpTravels@2421cc4]" started-at="2019-11-22T13:12:02Z" name="initializeBrowser" finished-at="2019-11-22T13:12:09Z" duration-ms="6484" status="PASS">
          <reporter-output>
          </reporter-output>
        </test-method> <!-- initializeBrowser -->
        <test-method is-config="true" signature="launchingUrl()[pri:0, instance:com.atmecs.testscripts.TestPhpTravels@2421cc4]" started-at="2019-11-22T13:12:09Z" name="launchingUrl" finished-at="2019-11-22T13:12:17Z" duration-ms="8344" status="PASS">
          <reporter-output>
          </reporter-output>
        </test-method> <!-- launchingUrl -->
        <test-method signature="loginHomePage()[pri:0, instance:com.atmecs.testscripts.TestPhpTravels@2421cc4]" started-at="2019-11-22T13:12:17Z" name="loginHomePage" finished-at="2019-11-22T13:12:26Z" duration-ms="9335" status="PASS">
          <reporter-output>
          </reporter-output>
        </test-method> <!-- loginHomePage -->
        <test-method is-config="true" signature="closeBrowser()[pri:0, instance:com.atmecs.testscripts.TestPhpTravels@2421cc4]" started-at="2019-11-22T13:12:26Z" name="closeBrowser" finished-at="2019-11-22T13:12:27Z" duration-ms="1124" status="PASS">
          <reporter-output>
          </reporter-output>
        </test-method> <!-- closeBrowser -->
      </class> <!-- com.atmecs.testscripts.TestPhpTravels -->
    </test> <!-- Default test -->
  </suite> <!-- Default suite -->
</testng-results>
